Mem:        2035304      705024      995868        6744      334412     1168476
Mem:        2035304      705216      995640        6744      334448     1168388
Mem:        2035304      705288      995568        6744      334448     1168316
Mem:        2035304      705476      995380        6744      334448     1168128
Mem:        2035304      705208      995648        6744      334448     1168396
Mem:        2035304      705216      995640        6744      334448     1168388
Mem:        2035304      705224      995632        6744      334448     1168380
Mem:        2035304      705216      995640        6744      334448     1168388
Mem:        2035304      705036      995820        6744      334448     1168568
Mem:        2035304      705232      995624        6744      334448     1168372
Mem:        2035304      705224      995632        6744      334448     1168380
Mem:        2035304      705476      995380        6744      334448     1168128
Mem:        2035304      705208      995648        6744      334448     1168396
Mem:        2035304      705480      995376        6744      334448     1168124
Mem:        2035304      705468      995388        6744      334448     1168136
Mem:        2035304      705208      995648        6744      334448     1168396
Mem:        2035304      705196      995640        6744      334468     1168364
Mem:        2035304      704936      995900        6744      334468     1168624
Mem:        2035304      705456      995380        6744      334468     1168104
Mem:        2035304      705204      995632        6744      334468     1168356
Mem:        2035304      705488      995348        6744      334468     1168072
Mem:        2035304      705236      995600        6744      334468     1168324
Mem:        2035304      705260      995576        6744      334468     1168300
Mem:        2035304      705528      995308        6744      334468     1168032
Mem:        2035304      705708      995128        6744      334468     1167852
Mem:        2035304      705384      995396        6744      334524     1168176
Mem:        2035304      705652      995128        6744      334524     1167908
Mem:        2035304      705384      995396        6744      334524     1168176
Mem:        2035304      705472      995308        6744      334524     1168088
Mem:        2035304      705392      995388        6744      334524     1168168
Mem:        2035304      705416      995364        6744      334524     1168144
Mem:        2035304      705132      995648        6744      334524     1168428
Mem:        2035304      705644      995136        6744      334524     1167916
Mem:        2035304      705140      995640        6744      334524     1168420
Mem:        2035304      705652      995128        6744      334524     1167908
Mem:        2035304      705384      995396        6744      334524     1168176
Mem:        2035304      705384      995396        6744      334524     1168176
Mem:        2035304      705676      995104        6744      334524     1167884
Mem:        2035304      705636      995144        6744      334524     1167924
Mem:        2035304      705472      995308        6744      334524     1168088
Mem:        2035304      705384      995396        6744      334524     1168176
Mem:        2035304      705644      995136        6744      334524     1167916
Mem:        2035304      705392      995388        6744      334524     1168168
Mem:        2035304      705392      995388        6744      334524     1168168
Mem:        2035304      705416      995364        6744      334524     1168144
Mem:        2035304      705392      995388        6744      334524     1168168
Mem:        2035304      705392      995388        6744      334524     1168168
Mem:        2035304      705408      995372        6744      334524     1168152
Mem:        2035304      705416      995364        6744      334524     1168144
Mem:        2035304      705400      995380        6744      334524     1168160
Mem:        2035304      705644      995136        6744      334524     1167916
Mem:        2035304      705652      995128        6744      334524     1167908
Mem:        2035304      705380      995396        6744      334528     1168180
Mem:        2035304      705656      995120        6744      334528     1167904
Mem:        2035304      705404      995372        6744      334528     1168156
Mem:        2035304      705656      995120        6744      334528     1167904
Mem:        2035304      705380      995396        6744      334528     1168180
Mem:        2035304      705892      994884        6744      334528     1167668
Mem:        2035304      705388      995388        6744      334528     1168172
Mem:        2035304      705632      995144        6744      334528     1167928
Mem:        2035304      705640      995136        6744      334528     1167920
Mem:        2035304      705728      995048        6744      334528     1167832
Mem:        2035304      705656      995120        6744      334528     1167904
Mem:        2035304      705908      994868        6744      334528     1167652
Mem:        2035304      705712      994884        6744      334708     1167836
Mem:        2035304      705712      994884        6744      334708     1167848
Mem:        2035304      705712      994884        6744      334708     1167848
Mem:        2035304      705712      994884        6744      334708     1167848
Mem:        2035304      705712      994884        6744      334708     1167848
Mem:        2035304      705736      994860        6744      334708     1167824
Mem:        2035304      705460      995136        6744      334708     1168100
Mem:        2035304      705720      994876        6744      334708     1167840
Mem:        2035304      705460      995136        6744      334708     1168100
Mem:        2035304      705476      995120        6744      334708     1168084
Mem:        2035304      705208      995388        6744      334708     1168352
Mem:        2035304      705476      995120        6744      334708     1168084
Mem:        2035304      705476      995120        6744      334708     1168084
Mem:        2035304      705344      995056        6940      334904     1168020
Mem:        2035304      705232      995136        6972      334936     1168100
Mem:        2035304      705508      994860        6972      334936     1167824
Mem:        2035304      705232      995136        6972      334936     1168100
Mem:        2035304      705308      995144        6888      334852     1168108
Mem:        2035304      705380      995136        6824      334788     1168100
Mem:        2035304      705380      995136        6824      334788     1168100
Mem:        2035304      705648      994868        6824      334788     1167832
Mem:        2035304      705396      995112        6824      334796     1168084
Mem:        2035304      705388      995120        6824      334796     1168092
Mem:        2035304      705624      994884        6824      334796     1167856
Mem:        2035304      705640      994868        6824      334796     1167840
Mem:        2035304      705372      995136        6824      334796     1168108
Mem:        2035304      705204      995304        6824      334796     1168276
Mem:        2035304      705632      994876        6824      334796     1167848
Mem:        2035304      705452      995056        6824      334796     1168028
Mem:        2035304      705184      995324        6824      334796     1168296
Mem:        2035304      705388      995120        6824      334796     1168092
Mem:        2035304      705388      995120        6824      334796     1168092
Mem:        2035304      705452      995056        6824      334796     1168028
Mem:        2035304      705388      995120        6824      334796     1168092
Mem:        2035304      705388      995120        6824      334796     1168092
Mem:        2035304      705388      995120        6824      334796     1168092
Mem:        2035304      705388      995120        6824      334796     1168092
Mem:        2035304      705576      994932        6824      334796     1167904
Mem:        2035304      705408      995100        6824      334796     1168072
Mem:        2035304      705380      995128        6824      334796     1168100
Mem:        2035304      705628      994876        6824      334800     1167852
Mem:        2035304      705636      994868        6824      334800     1167844
Mem:        2035304      705620      994884        6824      334800     1167860
Mem:        2035304      705620      994884        6824      334800     1167860
Mem:        2035304      705620      994884        6824      334800     1167860
Mem:        2035304      705360      995144        6824      334800     1168120
Mem:        2035304      705636      994868        6824      334800     1167844
Mem:        2035304      705636      994868        6824      334800     1167844
Mem:        2035304      705620      994884        6824      334800     1167860
Mem:        2035304      705620      994884        6824      334800     1167860
Mem:        2035304      705872      994632        6824      334800     1167608
Mem:        2035304      706140      994364        6824      334800     1167340
Mem:        2035304      705872      994632        6824      334800     1167608
Mem:        2035304      705864      994640        6824      334800     1167616
Mem:        2035304      705872      994632        6824      334800     1167608
Mem:        2035304      705644      994860        6824      334800     1167836
Mem:        2035304      705368      995136        6824      334800     1168112
Mem:        2035304      705636      994868        6824      334800     1167844
Mem:        2035304      705376      995128        6824      334800     1168104
Mem:        2035304      705636      994868        6824      334800     1167844
Mem:        2035304      705620      994884        6824      334800     1167860
Mem:        2035304      705888      994616        6824      334800     1167592
Mem:        2035304      705620      994884        6824      334800     1167860
Mem:        2035304      705628      994876        6824      334800     1167852
Mem:        2035304      705636      994868        6824      334800     1167844
Mem:        2035304      705880      994624        6824      334800     1167600
Mem:        2035304      705880      994624        6824      334800     1167600
Mem:        2035304      705636      994868        6824      334800     1167844
Mem:        2035304      705888      994616        6824      334800     1167592
Mem:        2035304      705628      994876        6824      334800     1167852
Mem:        2035304      705644      994860        6824      334800     1167836
Mem:        2035304      705880      994624        6824      334800     1167600
Mem:        2035304      705880      994624        6824      334800     1167600
Mem:        2035304      705872      994632        6824      334800     1167608
Mem:        2035304      706132      994372        6824      334800     1167348
Mem:        2035304      706140      994364        6824      334800     1167340
Mem:        2035304      705888      994616        6824      334800     1167592
Mem:        2035304      705872      994632        6824      334800     1167608
Mem:        2035304      705872      994632        6824      334800     1167608
Mem:        2035304      705636      994868        6824      334800     1167844
Mem:        2035304      705888      994616        6824      334800     1167592
Mem:        2035304      705888      994616        6824      334800     1167592
Mem:        2035304      705872      994632        6824      334800     1167608
Mem:        2035304      705872      994632        6824      334800     1167608
Mem:        2035304      718740      981764        6824      334800     1154740
Mem:        2035304      744604      956068        6824      334632     1128876
Mem:        2035304      764396      936152        6824      334756     1109044
Mem:        2035304      788928      911464        6824      334912     1084512
Mem:        2035304      813280      887280        6824      334744     1060076
Mem:        2035304      842636      857796        6824      334872     1030800
Mem:        2035304      868476      831832        6824      334996     1005004
Mem:        2035304      899204      801340        6824      334760      974272
Mem:        2035304      922752      777668        6824      334884      950684
Mem:        2035304      945260      755160        6824      334884      928176
Mem:        2035304      975740      724724        6824      334840      897656
Mem:        2035304     1000176      700288        6824      334840      873220
Mem:        2035304     1027204      673064        6824      335036      846240
Mem:        2035304     1053420      647100        6824      334784      820108
Mem:        2035304     1077952      622404        6824      334948      795484
Mem:        2035304     1104152      596204        6824      334948      769284
Mem:        2035304     1136812      563696        6824      334796      736624
Mem:        2035304     1166656      533724        6824      334924      706796
Mem:        2035304     1196780      503468        6824      335056      676668
Mem:        2035304     1220256      480284        6824      334764      653212
Mem:        2035304     1244576      455840        6824      334888      628860
Mem:        2035304     1268908      431396        6824      335000      604480
Mem:        2035304     1295856      404668        6824      334780      577564
Mem:        2035304     1325020      375428        6744      334856      548228
Mem:        2035304     1354384      345968        6744      334952      519160
Mem:        2035304     1382204      318248        6744      334852      491316
Mem:        2035304     1421416      278912        6744      334976      452064
Mem:        2035304     1450420      250208        6744      334676      423128
Mem:        2035304     1479672      220708        6744      334924      393880
Mem:        2035304     1507376      193256        6744      334672      366180
Mem:        2035304     1533804      166788        6744      334712      339744
Mem:        2035304     1563896      136556        6744      334852      309616
Mem:        2035304     1593108      107568        6744      334628      280532
Mem:        2035304     1614848       85660        6744      334796      258772
Mem:        2035304     1642472       58504        6744      334328      231004
Mem:        2035304     1657624       73556        6744      304124      216044
Mem:        2035304     1675256       87360        6744      272688      199540
Mem:        2035304     1707320       92240        6744      235744      170752
Mem:        2035304     1726080       73348        6744      235876      151960
Mem:        2035304     1751344       75772        6744      208188      128436
Mem:        2035304     1774816       70272        6744      190216      106260
Mem:        2035304     1795048       67024        6744      173232       86292
Mem:        2035304     1813260       68560        6744      153484       69156
Mem:        2035304     1831192       83152        6744      120960       64936
Mem:        2035304     1856092       70700        6744      108512       46232
Mem:        2035304     1878512       64428        6744       92364       31876
Mem:        2035304     1920504       61908        6744       52892        9720
Mem:        2035304      706328     1277692        6744       51284     1224628
Mem:        2035304      705480     1253752        6744       76072     1213124
Mem:        2035304      705380     1245444        6744       84480     1209040
Mem:        2035304      705128     1235860        6744       94316     1204300
Mem:        2035304      705252     1228048        6744      102004     1200352
Mem:        2035304      705176     1221756        6744      108372     1197288
Mem:        2035304      705248     1215212        6744      114844     1193916
Mem:        2035304      705324     1210920        6744      119060     1191728
Mem:        2035304      705280     1208408        6744      121616     1190468
Mem:        2035304      705220     1205132        6744      124952     1188912
Mem:        2035304      705164     1202360        6744      127780     1187580
Mem:        2035304      705340     1199076        6744      130888     1185860
Mem:        2035304      705388     1198832        6744      131084     1185732
Mem:        2035304      705396     1198824        6744      131084     1185724
Mem:        2035304      705900     1198320        6744      131084     1185220
Mem:        2035304      706160     1198060        6744      131084     1184960
Mem:        2035304      706160     1198060        6744      131084     1184960
Mem:        2035304      705892     1198328        6744      131084     1185228
Mem:        2035304      705908     1198312        6744      131084     1185212
Mem:        2035304      705892     1198328        6744      131084     1185228
Mem:        2035304      705892     1198328        6744      131084     1185228
Mem:        2035304      705892     1198328        6744      131084     1185228
Mem:        2035304      705892     1198328        6744      131084     1185228
Mem:        2035304      705892     1198328        6744      131084     1185228
Mem:        2035304      705876     1198344        6744      131084     1185244
Mem:        2035304      705900     1198320        6744      131084     1185220
Mem:        2035304      705908     1198312        6744      131084     1185212
Mem:        2035304      705908     1198312        6744      131084     1185212
Mem:        2035304      705640     1198580        6744      131084     1185480
Mem:        2035304      705908     1198312        6744      131084     1185212
Mem:        2035304      705908     1198312        6744      131084     1185212
Mem:        2035304      705908     1198312        6744      131084     1185212
Mem:        2035304      705908     1198312        6744      131084     1185212
Mem:        2035304      705916     1198304        6744      131084     1185204
Mem:        2035304      705924     1198296        6744      131084     1185196
Mem:        2035304      705908     1198312        6744      131084     1185212
Mem:        2035304      705752     1198336        6744      131216     1185296
Mem:        2035304      706036     1198052        6744      131216     1185020
Mem:        2035304      705768     1198320        6744      131216     1185288
Mem:        2035304      706036     1198052        6744      131216     1185020
Mem:        2035304      705768     1198320        6744      131216     1185288
Mem:        2035304      706036     1198052        6744      131216     1185020
Mem:        2035304      705768     1198320        6744      131216     1185288
Mem:        2035304      705784     1198304        6744      131216     1185272
Mem:        2035304      706280     1197808        6744      131216     1184776
Mem:        2035304      705784     1198304        6744      131216     1185272
Mem:        2035304      706036     1198052        6744      131216     1185020
Mem:        2035304      705784     1198304        6744      131216     1185272
Mem:        2035304      705776     1198312        6744      131216     1185280
Mem:        2035304      706028     1198060        6744      131216     1185028
Mem:        2035304      706020     1198068        6744      131216     1185036
Mem:        2035304      706028     1198060        6744      131216     1185028
Mem:        2035304      706036     1198052        6744      131216     1185020
Mem:        2035304      705776     1198312        6744      131216     1185280
Mem:        2035304      706036     1198052        6744      131216     1185020
Mem:        2035304      706044     1198044        6744      131216     1185012
Mem:        2035304      706280     1197808        6744      131216     1184776
Mem:        2035304      706028     1198060        6744      131216     1185028
Mem:        2035304      706020     1198068        6744      131216     1185036
Mem:        2035304      705288     1197808        6744      132208     1185280
Mem:        2035304      705744     1197304        6744      132256     1184816
Mem:        2035304      705680     1197312        6744      132312     1184828
Mem:        2035304      705684     1197304        6744      132316     1184820
Mem:        2035304      705676     1197312        6744      132316     1184828
Mem:        2035304      705944     1197044        6744      132316     1184560
Mem:        2035304      705944     1197044        6744      132316     1184560
Mem:        2035304      705944     1197044        6744      132316     1184560
Mem:        2035304      705928     1197060        6744      132316     1184576
Mem:        2035304      706076     1196784        6744      132444     1184364
Mem:        2035304      705816     1197044        6744      132444     1184624
Mem:        2035304      706172     1196500        6744      132632     1184156
Mem:        2035304      706308     1196304        6744      132692     1184004
Mem:        2035304      705812     1196800        6744      132692     1184504
Mem:        2035304      706064     1196548        6744      132692     1184252
Mem:        2035304      706072     1196540        6744      132692     1184244
Mem:        2035304      705664     1196288        6744      133352     1184292
Mem:        2035304      705656     1196296        6744      133352     1184328
Mem:        2035304      705924     1196028        6744      133352     1184060
